2022-03-23 14:46:40,124 INFO o.a.j.u.JMeterUtils: Setting Locale to en_EN
2022-03-23 14:46:40,165 INFO o.a.j.JMeter: Loading user properties from: /Users/alihanni/Documents/apache-jmeter-5.4.3/bin/user.properties
2022-03-23 14:46:40,166 INFO o.a.j.JMeter: Loading system properties from: /Users/alihanni/Documents/apache-jmeter-5.4.3/bin/system.properties
2022-03-23 14:46:40,181 INFO o.a.j.JMeter: Copyright (c) 1998-2021 The Apache Software Foundation
2022-03-23 14:46:40,181 INFO o.a.j.JMeter: Version 5.4.3
2022-03-23 14:46:40,181 INFO o.a.j.JMeter: java.version=15.0.2
2022-03-23 14:46:40,181 INFO o.a.j.JMeter: java.vm.name=OpenJDK 64-Bit Server VM
2022-03-23 14:46:40,181 INFO o.a.j.JMeter: os.name=Mac OS X
2022-03-23 14:46:40,182 INFO o.a.j.JMeter: os.arch=x86_64
2022-03-23 14:46:40,182 INFO o.a.j.JMeter: os.version=12.2.1
2022-03-23 14:46:40,182 INFO o.a.j.JMeter: file.encoding=UTF-8
2022-03-23 14:46:40,183 INFO o.a.j.JMeter: java.awt.headless=null
2022-03-23 14:46:40,184 INFO o.a.j.JMeter: Max memory     =1073741824
2022-03-23 14:46:40,184 INFO o.a.j.JMeter: Available Processors =4
2022-03-23 14:46:40,199 INFO o.a.j.JMeter: Default Locale=English (EN)
2022-03-23 14:46:40,200 INFO o.a.j.JMeter: JMeter  Locale=English (EN)
2022-03-23 14:46:40,200 INFO o.a.j.JMeter: JMeterHome=/Users/alihanni/Documents/apache-jmeter-5.4.3
2022-03-23 14:46:40,200 INFO o.a.j.JMeter: user.dir  =/Users/alihanni/GitHub/SOEN/SOEN345/A5/SOEN345_A5_AliHanni_40157164/partA
2022-03-23 14:46:40,200 INFO o.a.j.JMeter: PWD       =/Users/alihanni/GitHub/SOEN/SOEN345/A5/SOEN345_A5_AliHanni_40157164/partA
2022-03-23 14:46:40,226 INFO o.a.j.JMeter: IP: 10.0.0.103 Name: Ali FullName: 10.0.0.103
2022-03-23 14:46:40,772 INFO o.a.j.JMeter: Setting LAF to: com.github.weisj.darklaf.DarkLaf:com.github.weisj.darklaf.theme.DarculaTheme
2022-03-23 14:46:42,129 INFO o.a.j.JMeter: Loaded icon properties from org/apache/jmeter/images/icon.properties
2022-03-23 14:46:57,597 INFO o.a.j.s.FileServer: Default base='/Users/alihanni/GitHub/SOEN/SOEN345/A5/SOEN345_A5_AliHanni_40157164/partA'
2022-03-23 14:46:57,606 INFO o.a.j.g.a.Load: Loading file: /Users/alihanni/GitHub/SOEN/SOEN345/A5/SOEN345_A5_AliHanni_40157164/partA/Part_A.jmx
2022-03-23 14:46:57,606 INFO o.a.j.s.FileServer: Set new base='/Users/alihanni/GitHub/SOEN/SOEN345/A5/SOEN345_A5_AliHanni_40157164/partA'
2022-03-23 14:46:57,829 INFO o.a.j.s.SaveService: Testplan (JMX) version: 2.2. Testlog (JTL) version: 2.2
2022-03-23 14:46:57,853 INFO o.a.j.s.SaveService: Using SaveService properties version 5.0
2022-03-23 14:46:57,855 INFO o.a.j.s.SaveService: Using SaveService properties file encoding UTF-8
2022-03-23 14:46:57,856 INFO o.a.j.s.SaveService: Loading file: /Users/alihanni/GitHub/SOEN/SOEN345/A5/SOEN345_A5_AliHanni_40157164/partA/Part_A.jmx
2022-03-23 14:46:57,888 INFO o.a.j.p.h.s.HTTPSamplerBase: Parser for text/html is org.apache.jmeter.protocol.http.parser.LagartoBasedHtmlParser
2022-03-23 14:46:57,888 INFO o.a.j.p.h.s.HTTPSamplerBase: Parser for application/xhtml+xml is org.apache.jmeter.protocol.http.parser.LagartoBasedHtmlParser
2022-03-23 14:46:57,888 INFO o.a.j.p.h.s.HTTPSamplerBase: Parser for application/xml is org.apache.jmeter.protocol.http.parser.LagartoBasedHtmlParser
2022-03-23 14:46:57,888 INFO o.a.j.p.h.s.HTTPSamplerBase: Parser for text/xml is org.apache.jmeter.protocol.http.parser.LagartoBasedHtmlParser
2022-03-23 14:46:57,888 INFO o.a.j.p.h.s.HTTPSamplerBase: Parser for text/vnd.wap.wml is org.apache.jmeter.protocol.http.parser.RegexpHTMLParser
2022-03-23 14:46:57,889 INFO o.a.j.p.h.s.HTTPSamplerBase: Parser for text/css is org.apache.jmeter.protocol.http.parser.CssParser
2022-03-23 14:46:58,037 INFO o.a.j.s.SampleResult: Note: Sample TimeStamps are START times
2022-03-23 14:46:58,037 INFO o.a.j.s.SampleResult: sampleresult.default.encoding is set to ISO-8859-1
2022-03-23 14:46:58,038 INFO o.a.j.s.SampleResult: sampleresult.useNanoTime=true
2022-03-23 14:46:58,038 INFO o.a.j.s.SampleResult: sampleresult.nanoThreadSleep=5000
2022-03-23 14:46:58,256 INFO o.a.j.v.ViewResultsFullVisualizer: Add JavaFX to your Java installation if you want to use renderer: org.apache.jmeter.visualizers.RenderInBrowser
2022-03-23 14:46:58,405 INFO o.a.j.s.FileServer: Set new base='/Users/alihanni/GitHub/SOEN/SOEN345/A5/SOEN345_A5_AliHanni_40157164/partA'
2022-03-23 14:52:41,622 INFO o.a.j.g.a.Load: Loading file: /Users/alihanni/Desktop/SOEN345_A5_AliHanni_40157164/partA/Part_A.jmx
2022-03-23 14:52:41,625 INFO o.a.j.s.FileServer: Set new base='/Users/alihanni/Desktop/SOEN345_A5_AliHanni_40157164/partA'
2022-03-23 14:52:41,625 INFO o.a.j.s.SaveService: Loading file: /Users/alihanni/Desktop/SOEN345_A5_AliHanni_40157164/partA/Part_A.jmx
2022-03-23 14:52:41,685 INFO o.a.j.v.ViewResultsFullVisualizer: Add JavaFX to your Java installation if you want to use renderer: org.apache.jmeter.visualizers.RenderInBrowser
2022-03-23 14:52:41,785 INFO o.a.j.s.FileServer: Set new base='/Users/alihanni/Desktop/SOEN345_A5_AliHanni_40157164/partA'
2022-03-23 14:52:57,026 INFO o.a.j.e.StandardJMeterEngine: Running the test!
2022-03-23 14:52:57,037 INFO o.a.j.s.SampleEvent: List of sample_variables: []
2022-03-23 14:52:57,037 INFO o.a.j.s.SampleEvent: List of sample_variables: []
2022-03-23 14:52:57,041 INFO o.a.j.e.u.CompoundVariable: Note: Function class names must contain the string: '.functions.'
2022-03-23 14:52:57,041 INFO o.a.j.e.u.CompoundVariable: Note: Function class names must not contain the string: '.gui.'
2022-03-23 14:52:57,119 INFO o.a.j.g.u.JMeterMenuBar: setRunning(true, *local*)
2022-03-23 14:52:57,216 INFO o.a.j.e.StandardJMeterEngine: Starting ThreadGroup: 1 : Users
2022-03-23 14:52:57,216 INFO o.a.j.e.StandardJMeterEngine: Starting 100 threads for group Users.
2022-03-23 14:52:57,216 INFO o.a.j.e.StandardJMeterEngine: Thread will continue on error
2022-03-23 14:52:57,216 INFO o.a.j.t.ThreadGroup: Starting thread group... number=1 threads=100 ramp-up=1 delayedStart=false
2022-03-23 14:52:57,221 INFO o.a.j.t.JMeterThread: Thread started: Users 1-1
2022-03-23 14:52:57,231 INFO o.a.j.t.JMeterThread: Thread started: Users 1-2
2022-03-23 14:52:57,241 INFO o.a.j.t.JMeterThread: Thread started: Users 1-3
2022-03-23 14:52:57,255 INFO o.a.j.p.h.s.HTTPHCAbstractImpl: Local host = Ali
2022-03-23 14:52:57,255 INFO o.a.j.t.JMeterThread: Thread started: Users 1-4
2022-03-23 14:52:57,263 INFO o.a.j.t.JMeterThread: Thread started: Users 1-5
2022-03-23 14:52:57,269 INFO o.a.j.t.JMeterThread: Thread started: Users 1-6
2022-03-23 14:52:57,274 INFO o.a.j.p.h.s.HTTPHC4Impl: HTTP request retry count = 0
2022-03-23 14:52:57,283 INFO o.a.j.t.JMeterThread: Thread started: Users 1-7
2022-03-23 14:52:57,302 INFO o.a.j.t.JMeterThread: Thread started: Users 1-9
2022-03-23 14:52:57,302 INFO o.a.j.t.JMeterThread: Thread started: Users 1-8
2022-03-23 14:52:57,312 INFO o.a.j.t.JMeterThread: Thread started: Users 1-10
2022-03-23 14:52:57,322 INFO o.a.j.t.JMeterThread: Thread started: Users 1-11
2022-03-23 14:52:57,332 INFO o.a.j.t.JMeterThread: Thread started: Users 1-12
2022-03-23 14:52:57,342 INFO o.a.j.t.JMeterThread: Thread started: Users 1-13
2022-03-23 14:52:57,349 INFO o.a.j.t.JMeterThread: Thread started: Users 1-14
2022-03-23 14:52:57,368 INFO o.a.j.t.JMeterThread: Thread started: Users 1-15
2022-03-23 14:52:57,372 INFO o.a.j.t.JMeterThread: Thread started: Users 1-16
2022-03-23 14:52:57,387 INFO o.a.j.t.JMeterThread: Thread started: Users 1-17
2022-03-23 14:52:57,403 INFO o.a.j.t.JMeterThread: Thread started: Users 1-18
2022-03-23 14:52:57,407 INFO o.a.j.t.JMeterThread: Thread started: Users 1-19
2022-03-23 14:52:57,424 INFO o.a.j.t.JMeterThread: Thread started: Users 1-20
2022-03-23 14:52:57,427 INFO o.a.j.t.JMeterThread: Thread started: Users 1-21
2022-03-23 14:52:57,432 INFO o.a.j.t.JMeterThread: Thread started: Users 1-22
2022-03-23 14:52:57,441 INFO o.a.j.t.JMeterThread: Thread started: Users 1-23
2022-03-23 14:52:57,452 INFO o.a.j.t.JMeterThread: Thread started: Users 1-24
2022-03-23 14:52:57,462 INFO o.a.j.t.JMeterThread: Thread started: Users 1-25
2022-03-23 14:52:57,471 INFO o.a.j.t.JMeterThread: Thread started: Users 1-26
2022-03-23 14:52:57,478 INFO o.a.j.t.ThreadGroup: Started thread group number 1
2022-03-23 14:52:57,478 INFO o.a.j.e.StandardJMeterEngine: All thread groups have been started
2022-03-23 14:52:57,482 INFO o.a.j.t.JMeterThread: Thread started: Users 1-27
2022-03-23 14:52:57,493 INFO o.a.j.t.JMeterThread: Thread started: Users 1-28
2022-03-23 14:52:57,503 INFO o.a.j.t.JMeterThread: Thread started: Users 1-29
2022-03-23 14:52:57,512 INFO o.a.j.t.JMeterThread: Thread started: Users 1-30
2022-03-23 14:52:57,518 INFO o.a.j.t.JMeterThread: Thread started: Users 1-31
2022-03-23 14:52:57,531 INFO o.a.j.t.JMeterThread: Thread started: Users 1-32
2022-03-23 14:52:57,539 INFO o.a.j.t.JMeterThread: Thread started: Users 1-33
2022-03-23 14:52:57,552 INFO o.a.j.t.JMeterThread: Thread started: Users 1-34
2022-03-23 14:52:57,560 INFO o.a.j.t.JMeterThread: Thread started: Users 1-35
2022-03-23 14:52:57,570 INFO o.a.j.t.JMeterThread: Thread started: Users 1-36
2022-03-23 14:52:57,578 INFO o.a.j.t.JMeterThread: Thread started: Users 1-37
2022-03-23 14:52:57,602 INFO o.a.j.t.JMeterThread: Thread started: Users 1-39
2022-03-23 14:52:57,604 INFO o.a.j.t.JMeterThread: Thread started: Users 1-38
2022-03-23 14:52:57,611 INFO o.a.j.t.JMeterThread: Thread started: Users 1-40
2022-03-23 14:52:57,622 INFO o.a.j.t.JMeterThread: Thread started: Users 1-41
2022-03-23 14:52:57,631 INFO o.a.j.t.JMeterThread: Thread started: Users 1-42
2022-03-23 14:52:57,640 INFO o.a.j.t.JMeterThread: Thread started: Users 1-43
2022-03-23 14:52:57,650 INFO o.a.j.t.JMeterThread: Thread started: Users 1-44
2022-03-23 14:52:57,660 INFO o.a.j.t.JMeterThread: Thread started: Users 1-45
2022-03-23 14:52:57,673 INFO o.a.j.t.JMeterThread: Thread started: Users 1-46
2022-03-23 14:52:57,682 INFO o.a.j.t.JMeterThread: Thread started: Users 1-47
2022-03-23 14:52:57,691 INFO o.a.j.t.JMeterThread: Thread started: Users 1-48
2022-03-23 14:52:57,702 INFO o.a.j.t.JMeterThread: Thread started: Users 1-49
2022-03-23 14:52:57,713 INFO o.a.j.t.JMeterThread: Thread started: Users 1-50
2022-03-23 14:52:57,721 INFO o.a.j.t.JMeterThread: Thread started: Users 1-51
2022-03-23 14:52:57,729 INFO o.a.j.t.JMeterThread: Thread started: Users 1-52
2022-03-23 14:52:57,738 INFO o.a.j.t.JMeterThread: Thread started: Users 1-53
2022-03-23 14:52:57,755 INFO o.a.j.t.JMeterThread: Thread started: Users 1-54
2022-03-23 14:52:57,763 INFO o.a.j.t.JMeterThread: Thread started: Users 1-55
2022-03-23 14:52:57,773 INFO o.a.j.t.JMeterThread: Thread started: Users 1-56
2022-03-23 14:52:57,783 INFO o.a.j.t.JMeterThread: Thread started: Users 1-57
2022-03-23 14:52:57,791 INFO o.a.j.p.h.s.h.LazyLayeredConnectionSocketFactory: Setting up HTTPS TrustAll Socket Factory
2022-03-23 14:52:57,792 INFO o.a.j.t.JMeterThread: Thread started: Users 1-58
2022-03-23 14:52:57,801 INFO o.a.j.u.JsseSSLManager: Using default SSL protocol: TLS
2022-03-23 14:52:57,801 INFO o.a.j.u.JsseSSLManager: SSL session context: per-thread
2022-03-23 14:52:57,802 INFO o.a.j.t.JMeterThread: Thread started: Users 1-59
2022-03-23 14:52:57,810 INFO o.a.j.t.JMeterThread: Thread started: Users 1-60
2022-03-23 14:52:57,823 INFO o.a.j.t.JMeterThread: Thread started: Users 1-61
2022-03-23 14:52:57,831 INFO o.a.j.t.JMeterThread: Thread started: Users 1-62
2022-03-23 14:52:57,839 INFO o.a.j.t.JMeterThread: Thread started: Users 1-63
2022-03-23 14:52:57,855 INFO o.a.j.t.JMeterThread: Thread started: Users 1-64
2022-03-23 14:52:57,860 INFO o.a.j.t.JMeterThread: Thread started: Users 1-65
2022-03-23 14:52:57,874 INFO o.a.j.t.JMeterThread: Thread started: Users 1-66
2022-03-23 14:52:57,881 INFO o.a.j.t.JMeterThread: Thread started: Users 1-67
2022-03-23 14:52:57,891 INFO o.a.j.t.JMeterThread: Thread started: Users 1-68
2022-03-23 14:52:57,900 INFO o.a.j.t.JMeterThread: Thread started: Users 1-69
2022-03-23 14:52:57,912 INFO o.a.j.t.JMeterThread: Thread started: Users 1-70
2022-03-23 14:52:57,929 INFO o.a.j.t.JMeterThread: Thread started: Users 1-71
2022-03-23 14:52:57,932 INFO o.a.j.t.JMeterThread: Thread started: Users 1-72
2022-03-23 14:52:57,940 INFO o.a.j.t.JMeterThread: Thread started: Users 1-73
2022-03-23 14:52:57,951 INFO o.a.j.t.JMeterThread: Thread started: Users 1-74
2022-03-23 14:52:57,960 INFO o.a.j.t.JMeterThread: Thread started: Users 1-75
2022-03-23 14:52:57,972 INFO o.a.j.t.JMeterThread: Thread started: Users 1-76
2022-03-23 14:52:57,983 INFO o.a.j.t.JMeterThread: Thread started: Users 1-77
2022-03-23 14:52:57,993 INFO o.a.j.t.JMeterThread: Thread started: Users 1-78
2022-03-23 14:52:57,999 INFO o.a.j.t.JMeterThread: Thread started: Users 1-79
2022-03-23 14:52:58,010 INFO o.a.j.t.JMeterThread: Thread started: Users 1-80
2022-03-23 14:52:58,020 INFO o.a.j.t.JMeterThread: Thread started: Users 1-81
2022-03-23 14:52:58,031 INFO o.a.j.t.JMeterThread: Thread started: Users 1-82
2022-03-23 14:52:58,040 INFO o.a.j.t.JMeterThread: Thread started: Users 1-83
2022-03-23 14:52:58,052 INFO o.a.j.t.JMeterThread: Thread started: Users 1-84
2022-03-23 14:52:58,061 INFO o.a.j.t.JMeterThread: Thread started: Users 1-85
2022-03-23 14:52:58,072 INFO o.a.j.t.JMeterThread: Thread started: Users 1-86
2022-03-23 14:52:58,078 INFO o.a.j.t.JMeterThread: Thread started: Users 1-87
2022-03-23 14:52:58,087 INFO o.a.j.t.JMeterThread: Thread started: Users 1-88
2022-03-23 14:52:58,102 INFO o.a.j.t.JMeterThread: Thread started: Users 1-89
2022-03-23 14:52:58,110 INFO o.a.j.t.JMeterThread: Thread started: Users 1-90
2022-03-23 14:52:58,119 INFO o.a.j.t.JMeterThread: Thread started: Users 1-91
2022-03-23 14:52:58,130 INFO o.a.j.t.JMeterThread: Thread started: Users 1-92
2022-03-23 14:52:58,139 INFO o.a.j.t.JMeterThread: Thread started: Users 1-93
2022-03-23 14:52:58,151 INFO o.a.j.t.JMeterThread: Thread started: Users 1-94
2022-03-23 14:52:58,160 INFO o.a.j.t.JMeterThread: Thread started: Users 1-95
2022-03-23 14:52:58,172 INFO o.a.j.t.JMeterThread: Thread started: Users 1-96
2022-03-23 14:52:58,180 INFO o.a.j.t.JMeterThread: Thread started: Users 1-97
2022-03-23 14:52:58,196 INFO o.a.j.t.JMeterThread: Thread started: Users 1-98
2022-03-23 14:52:58,202 INFO o.a.j.t.JMeterThread: Thread started: Users 1-99
2022-03-23 14:52:58,213 INFO o.a.j.t.JMeterThread: Thread started: Users 1-100
2022-03-23 14:52:58,244 INFO o.a.j.u.SSLManager: JmeterKeyStore Location:  type JKS
2022-03-23 14:52:58,248 INFO o.a.j.u.SSLManager: KeyStore created OK
2022-03-23 14:52:58,248 WARN o.a.j.u.SSLManager: Keystore file not found, loading empty keystore
2022-03-23 14:53:22,227 INFO o.a.j.g.a.Start: Stopping test
2022-03-23 14:53:22,317 INFO o.a.j.t.JMeterThread: Stopping: Users 1-2
2022-03-23 14:53:22,318 WARN o.a.j.t.JMeterThread: Interrupting: Users 1-2 sampler: HTTP Request
2022-03-23 14:53:22,319 WARN o.a.j.t.JMeterThread: No operation pending
2022-03-23 14:53:22,320 INFO o.a.j.t.JMeterThread: Stopping: Users 1-96
2022-03-23 14:53:22,320 WARN o.a.j.t.JMeterThread: Interrupting: Users 1-96 sampler: HTTP Request
2022-03-23 14:53:22,320 INFO o.a.j.t.JMeterThread: Thread finished: Users 1-2
2022-03-23 14:53:22,332 INFO o.a.j.t.JMeterThread: Stopping: Users 1-15
2022-03-23 14:53:22,333 WARN o.a.j.t.JMeterThread: Interrupting: Users 1-15 sampler: HTTP Request
2022-03-23 14:53:22,335 INFO o.a.j.t.JMeterThread: Thread finished: Users 1-96
2022-03-23 14:53:22,339 INFO o.a.j.t.JMeterThread: Thread finished: Users 1-15
2022-03-23 14:53:22,339 INFO o.a.j.t.JMeterThread: Stopping: Users 1-67
2022-03-23 14:53:22,340 WARN o.a.j.t.JMeterThread: Interrupting: Users 1-67 sampler: HTTP Request
2022-03-23 14:53:22,341 INFO o.a.j.t.JMeterThread: Stopping: Users 1-75
2022-03-23 14:53:22,342 INFO o.a.j.t.JMeterThread: Thread finished: Users 1-67
2022-03-23 14:53:22,343 WARN o.a.j.t.JMeterThread: Interrupting: Users 1-75 sampler: HTTP Request
2022-03-23 14:53:22,344 INFO o.a.j.t.JMeterThread: Stopping: Users 1-86
2022-03-23 14:53:22,345 WARN o.a.j.t.JMeterThread: Interrupting: Users 1-86 sampler: HTTP Request
2022-03-23 14:53:22,346 INFO o.a.j.t.JMeterThread: Thread finished: Users 1-75
2022-03-23 14:53:22,346 INFO o.a.j.t.JMeterThread: Stopping: Users 1-16
2022-03-23 14:53:22,346 WARN o.a.j.t.JMeterThread: Interrupting: Users 1-16 sampler: HTTP Request
2022-03-23 14:53:22,347 INFO o.a.j.t.JMeterThread: Thread finished: Users 1-86
2022-03-23 14:53:22,348 INFO o.a.j.t.JMeterThread: Thread finished: Users 1-16
2022-03-23 14:53:22,348 INFO o.a.j.t.JMeterThread: Stopping: Users 1-5
2022-03-23 14:53:22,349 WARN o.a.j.t.JMeterThread: Interrupting: Users 1-5 sampler: HTTP Request
2022-03-23 14:53:22,349 INFO o.a.j.t.JMeterThread: Stopping: Users 1-36
2022-03-23 14:53:22,349 WARN o.a.j.t.JMeterThread: Interrupting: Users 1-36 sampler: HTTP Request
2022-03-23 14:53:22,350 INFO o.a.j.t.JMeterThread: Thread finished: Users 1-5
2022-03-23 14:53:22,350 INFO o.a.j.t.JMeterThread: Thread finished: Users 1-36
2022-03-23 14:53:22,350 INFO o.a.j.t.JMeterThread: Stopping: Users 1-34
2022-03-23 14:53:22,350 WARN o.a.j.t.JMeterThread: Interrupting: Users 1-34 sampler: HTTP Request
2022-03-23 14:53:22,351 INFO o.a.j.t.JMeterThread: Stopping: Users 1-28
2022-03-23 14:53:22,351 WARN o.a.j.t.JMeterThread: Interrupting: Users 1-28 sampler: HTTP Request
2022-03-23 14:53:22,352 INFO o.a.j.t.JMeterThread: Thread finished: Users 1-34
2022-03-23 14:53:22,354 INFO o.a.j.t.JMeterThread: Stopping: Users 1-31
2022-03-23 14:53:22,354 INFO o.a.j.t.JMeterThread: Thread finished: Users 1-28
2022-03-23 14:53:22,354 WARN o.a.j.t.JMeterThread: Interrupting: Users 1-31 sampler: HTTP Request
2022-03-23 14:53:22,364 INFO o.a.j.t.JMeterThread: Stopping: Users 1-27
2022-03-23 14:53:22,364 WARN o.a.j.t.JMeterThread: Interrupting: Users 1-27 sampler: HTTP Request
2022-03-23 14:53:22,364 INFO o.a.j.t.JMeterThread: Stopping: Users 1-38
2022-03-23 14:53:22,364 WARN o.a.j.t.JMeterThread: Interrupting: Users 1-38 sampler: HTTP Request
2022-03-23 14:53:22,365 INFO o.a.j.t.JMeterThread: Thread finished: Users 1-31
2022-03-23 14:53:22,365 INFO o.a.j.t.JMeterThread: Thread finished: Users 1-27
2022-03-23 14:53:22,365 INFO o.a.j.t.JMeterThread: Thread finished: Users 1-38
2022-03-23 14:53:22,366 INFO o.a.j.t.JMeterThread: Stopping: Users 1-87
2022-03-23 14:53:22,366 WARN o.a.j.t.JMeterThread: Interrupting: Users 1-87 sampler: HTTP Request
2022-03-23 14:53:22,366 INFO o.a.j.t.JMeterThread: Stopping: Users 1-90
2022-03-23 14:53:22,367 WARN o.a.j.t.JMeterThread: Interrupting: Users 1-90 sampler: HTTP Request
2022-03-23 14:53:22,367 INFO o.a.j.t.JMeterThread: Stopping: Users 1-79
2022-03-23 14:53:22,367 WARN o.a.j.t.JMeterThread: Interrupting: Users 1-79 sampler: HTTP Request
2022-03-23 14:53:22,367 INFO o.a.j.t.JMeterThread: Thread finished: Users 1-87
2022-03-23 14:53:22,368 INFO o.a.j.t.JMeterThread: Stopping: Users 1-72
2022-03-23 14:53:22,368 INFO o.a.j.t.JMeterThread: Thread finished: Users 1-79
2022-03-23 14:53:22,368 WARN o.a.j.t.JMeterThread: Interrupting: Users 1-72 sampler: HTTP Request
2022-03-23 14:53:22,368 INFO o.a.j.t.JMeterThread: Thread finished: Users 1-90
2022-03-23 14:53:22,368 INFO o.a.j.t.JMeterThread: Stopping: Users 1-82
2022-03-23 14:53:22,369 WARN o.a.j.t.JMeterThread: Interrupting: Users 1-82 sampler: HTTP Request
2022-03-23 14:53:22,369 INFO o.a.j.t.JMeterThread: Stopping: Users 1-95
2022-03-23 14:53:22,369 INFO o.a.j.t.JMeterThread: Thread finished: Users 1-72
2022-03-23 14:53:22,369 INFO o.a.j.t.JMeterThread: Thread finished: Users 1-82
2022-03-23 14:53:22,369 WARN o.a.j.t.JMeterThread: Interrupting: Users 1-95 sampler: HTTP Request
2022-03-23 14:53:22,370 INFO o.a.j.t.JMeterThread: Stopping: Users 1-73
2022-03-23 14:53:22,370 WARN o.a.j.t.JMeterThread: Interrupting: Users 1-73 sampler: HTTP Request
2022-03-23 14:53:22,370 INFO o.a.j.t.JMeterThread: Stopping: Users 1-24
2022-03-23 14:53:22,370 INFO o.a.j.t.JMeterThread: Thread finished: Users 1-95
2022-03-23 14:53:22,371 INFO o.a.j.t.JMeterThread: Thread finished: Users 1-73
2022-03-23 14:53:22,371 WARN o.a.j.t.JMeterThread: Interrupting: Users 1-24 sampler: HTTP Request
2022-03-23 14:53:22,372 INFO o.a.j.t.JMeterThread: Stopping: Users 1-11
2022-03-23 14:53:22,373 INFO o.a.j.t.JMeterThread: Thread finished: Users 1-24
2022-03-23 14:53:22,373 WARN o.a.j.t.JMeterThread: Interrupting: Users 1-11 sampler: HTTP Request
2022-03-23 14:53:22,373 INFO o.a.j.t.JMeterThread: Stopping: Users 1-25
2022-03-23 14:53:22,373 WARN o.a.j.t.JMeterThread: Interrupting: Users 1-25 sampler: HTTP Request
2022-03-23 14:53:22,374 INFO o.a.j.t.JMeterThread: Stopping: Users 1-33
2022-03-23 14:53:22,374 INFO o.a.j.t.JMeterThread: Thread finished: Users 1-11
2022-03-23 14:53:22,374 INFO o.a.j.t.JMeterThread: Thread finished: Users 1-25
2022-03-23 14:53:22,375 WARN o.a.j.t.JMeterThread: Interrupting: Users 1-33 sampler: HTTP Request
2022-03-23 14:53:22,375 INFO o.a.j.t.JMeterThread: Stopping: Users 1-43
2022-03-23 14:53:22,375 WARN o.a.j.t.JMeterThread: Interrupting: Users 1-43 sampler: HTTP Request
2022-03-23 14:53:22,376 INFO o.a.j.t.JMeterThread: Thread finished: Users 1-33
2022-03-23 14:53:22,376 INFO o.a.j.t.JMeterThread: Stopping: Users 1-29
2022-03-23 14:53:22,376 WARN o.a.j.t.JMeterThread: Interrupting: Users 1-29 sampler: HTTP Request
2022-03-23 14:53:22,376 INFO o.a.j.t.JMeterThread: Thread finished: Users 1-43
2022-03-23 14:53:22,376 INFO o.a.j.t.JMeterThread: Stopping: Users 1-65
2022-03-23 14:53:22,376 WARN o.a.j.t.JMeterThread: Interrupting: Users 1-65 sampler: HTTP Request
2022-03-23 14:53:22,377 INFO o.a.j.t.JMeterThread: Thread finished: Users 1-29
2022-03-23 14:53:22,377 INFO o.a.j.t.JMeterThread: Stopping: Users 1-78
2022-03-23 14:53:22,378 INFO o.a.j.t.JMeterThread: Thread finished: Users 1-65
2022-03-23 14:53:22,378 WARN o.a.j.t.JMeterThread: Interrupting: Users 1-78 sampler: HTTP Request
2022-03-23 14:53:22,379 INFO o.a.j.t.JMeterThread: Stopping: Users 1-84
2022-03-23 14:53:22,379 INFO o.a.j.t.JMeterThread: Thread finished: Users 1-78
2022-03-23 14:53:22,379 WARN o.a.j.t.JMeterThread: Interrupting: Users 1-84 sampler: HTTP Request
2022-03-23 14:53:22,380 INFO o.a.j.t.JMeterThread: Stopping: Users 1-47
2022-03-23 14:53:22,380 WARN o.a.j.t.JMeterThread: Interrupting: Users 1-47 sampler: HTTP Request
2022-03-23 14:53:22,381 INFO o.a.j.t.JMeterThread: Thread finished: Users 1-84
2022-03-23 14:53:22,381 INFO o.a.j.t.JMeterThread: Stopping: Users 1-7
2022-03-23 14:53:22,381 WARN o.a.j.t.JMeterThread: Interrupting: Users 1-7 sampler: HTTP Request
2022-03-23 14:53:22,382 INFO o.a.j.t.JMeterThread: Thread finished: Users 1-47
2022-03-23 14:53:22,383 INFO o.a.j.t.JMeterThread: Stopping: Users 1-63
2022-03-23 14:53:22,383 WARN o.a.j.t.JMeterThread: Interrupting: Users 1-63 sampler: HTTP Request
2022-03-23 14:53:22,383 INFO o.a.j.t.JMeterThread: Stopping: Users 1-54
2022-03-23 14:53:22,383 INFO o.a.j.t.JMeterThread: Thread finished: Users 1-7
2022-03-23 14:53:22,383 WARN o.a.j.t.JMeterThread: Interrupting: Users 1-54 sampler: HTTP Request
2022-03-23 14:53:22,384 INFO o.a.j.t.JMeterThread: Thread finished: Users 1-63
2022-03-23 14:53:22,384 INFO o.a.j.t.JMeterThread: Stopping: Users 1-48
2022-03-23 14:53:22,384 WARN o.a.j.t.JMeterThread: Interrupting: Users 1-48 sampler: HTTP Request
2022-03-23 14:53:22,384 INFO o.a.j.t.JMeterThread: Thread finished: Users 1-54
2022-03-23 14:53:22,385 INFO o.a.j.t.JMeterThread: Thread finished: Users 1-48
2022-03-23 14:53:22,385 INFO o.a.j.t.JMeterThread: Stopping: Users 1-53
2022-03-23 14:53:22,385 WARN o.a.j.t.JMeterThread: Interrupting: Users 1-53 sampler: HTTP Request
2022-03-23 14:53:22,387 INFO o.a.j.t.JMeterThread: Thread finished: Users 1-53
2022-03-23 14:53:22,386 INFO o.a.j.t.JMeterThread: Stopping: Users 1-97
2022-03-23 14:53:22,388 WARN o.a.j.t.JMeterThread: Interrupting: Users 1-97 sampler: HTTP Request
2022-03-23 14:53:22,388 INFO o.a.j.t.JMeterThread: Stopping: Users 1-21
2022-03-23 14:53:22,389 WARN o.a.j.t.JMeterThread: Interrupting: Users 1-21 sampler: HTTP Request
2022-03-23 14:53:22,389 INFO o.a.j.t.JMeterThread: Thread finished: Users 1-97
2022-03-23 14:53:22,389 INFO o.a.j.t.JMeterThread: Stopping: Users 1-89
2022-03-23 14:53:22,389 WARN o.a.j.t.JMeterThread: Interrupting: Users 1-89 sampler: HTTP Request
2022-03-23 14:53:22,390 INFO o.a.j.t.JMeterThread: Thread finished: Users 1-21
2022-03-23 14:53:22,390 INFO o.a.j.t.JMeterThread: Stopping: Users 1-37
2022-03-23 14:53:22,390 WARN o.a.j.t.JMeterThread: Interrupting: Users 1-37 sampler: HTTP Request
2022-03-23 14:53:22,390 INFO o.a.j.t.JMeterThread: Thread finished: Users 1-89
2022-03-23 14:53:22,391 INFO o.a.j.t.JMeterThread: Stopping: Users 1-98
2022-03-23 14:53:22,391 INFO o.a.j.t.JMeterThread: Thread finished: Users 1-37
2022-03-23 14:53:22,391 WARN o.a.j.t.JMeterThread: Interrupting: Users 1-98 sampler: HTTP Request
2022-03-23 14:53:22,392 INFO o.a.j.t.JMeterThread: Stopping: Users 1-74
2022-03-23 14:53:22,392 INFO o.a.j.t.JMeterThread: Thread finished: Users 1-98
2022-03-23 14:53:22,392 WARN o.a.j.t.JMeterThread: Interrupting: Users 1-74 sampler: HTTP Request
2022-03-23 14:53:22,392 INFO o.a.j.t.JMeterThread: Stopping: Users 1-68
2022-03-23 14:53:22,392 WARN o.a.j.t.JMeterThread: Interrupting: Users 1-68 sampler: HTTP Request
2022-03-23 14:53:22,393 INFO o.a.j.t.JMeterThread: Thread finished: Users 1-74
2022-03-23 14:53:22,394 INFO o.a.j.t.JMeterThread: Thread finished: Users 1-68
2022-03-23 14:53:22,394 INFO o.a.j.t.JMeterThread: Stopping: Users 1-14
2022-03-23 14:53:22,394 WARN o.a.j.t.JMeterThread: Interrupting: Users 1-14 sampler: HTTP Request
2022-03-23 14:53:22,394 INFO o.a.j.t.JMeterThread: Stopping: Users 1-42
2022-03-23 14:53:22,395 WARN o.a.j.t.JMeterThread: Interrupting: Users 1-42 sampler: HTTP Request
2022-03-23 14:53:22,395 INFO o.a.j.t.JMeterThread: Thread finished: Users 1-14
2022-03-23 14:53:22,395 INFO o.a.j.t.JMeterThread: Stopping: Users 1-23
2022-03-23 14:53:22,395 WARN o.a.j.t.JMeterThread: Interrupting: Users 1-23 sampler: HTTP Request
2022-03-23 14:53:22,396 INFO o.a.j.t.JMeterThread: Thread finished: Users 1-42
2022-03-23 14:53:22,396 INFO o.a.j.t.JMeterThread: Stopping: Users 1-61
2022-03-23 14:53:22,396 WARN o.a.j.t.JMeterThread: Interrupting: Users 1-61 sampler: HTTP Request
2022-03-23 14:53:22,396 INFO o.a.j.t.JMeterThread: Thread finished: Users 1-23
2022-03-23 14:53:22,397 INFO o.a.j.t.JMeterThread: Stopping: Users 1-10
2022-03-23 14:53:22,397 INFO o.a.j.t.JMeterThread: Thread finished: Users 1-61
2022-03-23 14:53:22,397 WARN o.a.j.t.JMeterThread: Interrupting: Users 1-10 sampler: HTTP Request
2022-03-23 14:53:22,398 INFO o.a.j.t.JMeterThread: Stopping: Users 1-59
2022-03-23 14:53:22,398 WARN o.a.j.t.JMeterThread: Interrupting: Users 1-59 sampler: HTTP Request
2022-03-23 14:53:22,398 INFO o.a.j.t.JMeterThread: Stopping: Users 1-20
2022-03-23 14:53:22,399 WARN o.a.j.t.JMeterThread: Interrupting: Users 1-20 sampler: HTTP Request
2022-03-23 14:53:22,399 INFO o.a.j.t.JMeterThread: Thread finished: Users 1-10
2022-03-23 14:53:22,399 INFO o.a.j.t.JMeterThread: Thread finished: Users 1-59
2022-03-23 14:53:22,402 INFO o.a.j.t.JMeterThread: Thread finished: Users 1-20
2022-03-23 14:53:22,404 INFO o.a.j.t.JMeterThread: Stopping: Users 1-35
2022-03-23 14:53:22,405 WARN o.a.j.t.JMeterThread: Interrupting: Users 1-35 sampler: HTTP Request
2022-03-23 14:53:22,408 INFO o.a.j.t.JMeterThread: Thread finished: Users 1-35
2022-03-23 14:53:22,409 INFO o.a.j.t.JMeterThread: Stopping: Users 1-51
2022-03-23 14:53:22,410 WARN o.a.j.t.JMeterThread: Interrupting: Users 1-51 sampler: HTTP Request
2022-03-23 14:53:22,411 INFO o.a.j.t.JMeterThread: Thread finished: Users 1-51
2022-03-23 14:53:22,411 INFO o.a.j.t.JMeterThread: Stopping: Users 1-80
2022-03-23 14:53:22,412 WARN o.a.j.t.JMeterThread: Interrupting: Users 1-80 sampler: HTTP Request
2022-03-23 14:53:22,412 INFO o.a.j.t.JMeterThread: Stopping: Users 1-99
2022-03-23 14:53:22,412 INFO o.a.j.t.JMeterThread: Thread finished: Users 1-80
2022-03-23 14:53:22,412 WARN o.a.j.t.JMeterThread: Interrupting: Users 1-99 sampler: HTTP Request
2022-03-23 14:53:22,413 INFO o.a.j.t.JMeterThread: Stopping: Users 1-17
2022-03-23 14:53:22,414 INFO o.a.j.t.JMeterThread: Thread finished: Users 1-99
2022-03-23 14:53:22,414 WARN o.a.j.t.JMeterThread: Interrupting: Users 1-17 sampler: HTTP Request
2022-03-23 14:53:22,415 INFO o.a.j.t.JMeterThread: Stopping: Users 1-56
2022-03-23 14:53:22,415 WARN o.a.j.t.JMeterThread: Interrupting: Users 1-56 sampler: HTTP Request
2022-03-23 14:53:22,415 INFO o.a.j.t.JMeterThread: Thread finished: Users 1-17
2022-03-23 14:53:22,416 INFO o.a.j.t.JMeterThread: Stopping: Users 1-46
2022-03-23 14:53:22,416 INFO o.a.j.t.JMeterThread: Thread finished: Users 1-56
2022-03-23 14:53:22,416 WARN o.a.j.t.JMeterThread: Interrupting: Users 1-46 sampler: HTTP Request
2022-03-23 14:53:22,417 INFO o.a.j.t.JMeterThread: Stopping: Users 1-45
2022-03-23 14:53:22,418 INFO o.a.j.t.JMeterThread: Thread finished: Users 1-46
2022-03-23 14:53:22,418 WARN o.a.j.t.JMeterThread: Interrupting: Users 1-45 sampler: HTTP Request
2022-03-23 14:53:22,419 INFO o.a.j.t.JMeterThread: Stopping: Users 1-1
2022-03-23 14:53:22,419 WARN o.a.j.t.JMeterThread: Interrupting: Users 1-1 sampler: HTTP Request
2022-03-23 14:53:22,419 INFO o.a.j.t.JMeterThread: Thread finished: Users 1-45
2022-03-23 14:53:22,419 INFO o.a.j.t.JMeterThread: Stopping: Users 1-39
2022-03-23 14:53:22,419 WARN o.a.j.t.JMeterThread: Interrupting: Users 1-39 sampler: HTTP Request
2022-03-23 14:53:22,420 INFO o.a.j.t.JMeterThread: Thread finished: Users 1-1
2022-03-23 14:53:22,420 INFO o.a.j.t.JMeterThread: Stopping: Users 1-66
2022-03-23 14:53:22,420 INFO o.a.j.t.JMeterThread: Thread finished: Users 1-39
2022-03-23 14:53:22,420 WARN o.a.j.t.JMeterThread: Interrupting: Users 1-66 sampler: HTTP Request
2022-03-23 14:53:22,421 INFO o.a.j.t.JMeterThread: Stopping: Users 1-18
2022-03-23 14:53:22,421 INFO o.a.j.t.JMeterThread: Thread finished: Users 1-66
2022-03-23 14:53:22,423 WARN o.a.j.t.JMeterThread: Interrupting: Users 1-18 sampler: HTTP Request
2022-03-23 14:53:22,423 INFO o.a.j.t.JMeterThread: Stopping: Users 1-32
2022-03-23 14:53:22,424 INFO o.a.j.t.JMeterThread: Thread finished: Users 1-18
2022-03-23 14:53:22,424 WARN o.a.j.t.JMeterThread: Interrupting: Users 1-32 sampler: HTTP Request
2022-03-23 14:53:22,425 INFO o.a.j.t.JMeterThread: Stopping: Users 1-85
2022-03-23 14:53:22,425 WARN o.a.j.t.JMeterThread: Interrupting: Users 1-85 sampler: HTTP Request
2022-03-23 14:53:22,425 INFO o.a.j.t.JMeterThread: Thread finished: Users 1-32
2022-03-23 14:53:22,426 INFO o.a.j.t.JMeterThread: Thread finished: Users 1-85
2022-03-23 14:53:22,426 INFO o.a.j.t.JMeterThread: Stopping: Users 1-93
2022-03-23 14:53:22,426 WARN o.a.j.t.JMeterThread: Interrupting: Users 1-93 sampler: HTTP Request
2022-03-23 14:53:22,427 INFO o.a.j.t.JMeterThread: Stopping: Users 1-76
2022-03-23 14:53:22,427 WARN o.a.j.t.JMeterThread: Interrupting: Users 1-76 sampler: HTTP Request
2022-03-23 14:53:22,427 INFO o.a.j.t.JMeterThread: Thread finished: Users 1-93
2022-03-23 14:53:22,428 INFO o.a.j.t.JMeterThread: Stopping: Users 1-30
2022-03-23 14:53:22,428 WARN o.a.j.t.JMeterThread: Interrupting: Users 1-30 sampler: HTTP Request
2022-03-23 14:53:22,428 INFO o.a.j.t.JMeterThread: Thread finished: Users 1-76
2022-03-23 14:53:22,428 INFO o.a.j.t.JMeterThread: Stopping: Users 1-8
2022-03-23 14:53:22,428 WARN o.a.j.t.JMeterThread: Interrupting: Users 1-8 sampler: HTTP Request
2022-03-23 14:53:22,429 INFO o.a.j.t.JMeterThread: Stopping: Users 1-62
2022-03-23 14:53:22,429 WARN o.a.j.t.JMeterThread: Interrupting: Users 1-62 sampler: HTTP Request
2022-03-23 14:53:22,429 INFO o.a.j.t.JMeterThread: Thread finished: Users 1-30
2022-03-23 14:53:22,429 INFO o.a.j.t.JMeterThread: Thread finished: Users 1-8
2022-03-23 14:53:22,430 INFO o.a.j.t.JMeterThread: Stopping: Users 1-100
2022-03-23 14:53:22,430 WARN o.a.j.t.JMeterThread: Interrupting: Users 1-100 sampler: HTTP Request
2022-03-23 14:53:22,430 INFO o.a.j.t.JMeterThread: Thread finished: Users 1-62
2022-03-23 14:53:22,430 INFO o.a.j.t.JMeterThread: Thread finished: Users 1-100
2022-03-23 14:53:22,431 INFO o.a.j.t.JMeterThread: Stopping: Users 1-55
2022-03-23 14:53:22,431 WARN o.a.j.t.JMeterThread: Interrupting: Users 1-55 sampler: HTTP Request
2022-03-23 14:53:22,432 INFO o.a.j.t.JMeterThread: Stopping: Users 1-4
2022-03-23 14:53:22,432 WARN o.a.j.t.JMeterThread: Interrupting: Users 1-4 sampler: HTTP Request
2022-03-23 14:53:22,433 INFO o.a.j.t.JMeterThread: Thread finished: Users 1-55
2022-03-23 14:53:22,433 INFO o.a.j.t.JMeterThread: Stopping: Users 1-26
2022-03-23 14:53:22,433 WARN o.a.j.t.JMeterThread: Interrupting: Users 1-26 sampler: HTTP Request
2022-03-23 14:53:22,434 INFO o.a.j.t.JMeterThread: Thread finished: Users 1-4
2022-03-23 14:53:22,434 INFO o.a.j.t.JMeterThread: Stopping: Users 1-52
2022-03-23 14:53:22,434 WARN o.a.j.t.JMeterThread: Interrupting: Users 1-52 sampler: HTTP Request
2022-03-23 14:53:22,434 INFO o.a.j.t.JMeterThread: Thread finished: Users 1-26
2022-03-23 14:53:22,435 INFO o.a.j.t.JMeterThread: Stopping: Users 1-41
2022-03-23 14:53:22,435 WARN o.a.j.t.JMeterThread: Interrupting: Users 1-41 sampler: HTTP Request
2022-03-23 14:53:22,435 INFO o.a.j.t.JMeterThread: Thread finished: Users 1-52
2022-03-23 14:53:22,436 INFO o.a.j.t.JMeterThread: Thread finished: Users 1-41
2022-03-23 14:53:22,436 INFO o.a.j.t.JMeterThread: Stopping: Users 1-81
2022-03-23 14:53:22,437 WARN o.a.j.t.JMeterThread: Interrupting: Users 1-81 sampler: HTTP Request
2022-03-23 14:53:22,439 INFO o.a.j.t.JMeterThread: Thread finished: Users 1-81
2022-03-23 14:53:22,439 INFO o.a.j.t.JMeterThread: Stopping: Users 1-3
2022-03-23 14:53:22,440 WARN o.a.j.t.JMeterThread: Interrupting: Users 1-3 sampler: HTTP Request
2022-03-23 14:53:22,440 INFO o.a.j.t.JMeterThread: Stopping: Users 1-60
2022-03-23 14:53:22,440 WARN o.a.j.t.JMeterThread: Interrupting: Users 1-60 sampler: HTTP Request
2022-03-23 14:53:22,441 INFO o.a.j.t.JMeterThread: Thread finished: Users 1-3
2022-03-23 14:53:22,442 INFO o.a.j.t.JMeterThread: Stopping: Users 1-6
2022-03-23 14:53:22,442 INFO o.a.j.t.JMeterThread: Thread finished: Users 1-60
2022-03-23 14:53:22,442 WARN o.a.j.t.JMeterThread: Interrupting: Users 1-6 sampler: HTTP Request
2022-03-23 14:53:22,443 INFO o.a.j.t.JMeterThread: Stopping: Users 1-69
2022-03-23 14:53:22,444 INFO o.a.j.t.JMeterThread: Thread finished: Users 1-6
2022-03-23 14:53:22,444 WARN o.a.j.t.JMeterThread: Interrupting: Users 1-69 sampler: HTTP Request
2022-03-23 14:53:22,445 INFO o.a.j.t.JMeterThread: Thread finished: Users 1-69
2022-03-23 14:53:22,445 INFO o.a.j.t.JMeterThread: Stopping: Users 1-57
2022-03-23 14:53:22,445 WARN o.a.j.t.JMeterThread: Interrupting: Users 1-57 sampler: HTTP Request
2022-03-23 14:53:22,446 INFO o.a.j.t.JMeterThread: Stopping: Users 1-13
2022-03-23 14:53:22,446 WARN o.a.j.t.JMeterThread: Interrupting: Users 1-13 sampler: HTTP Request
2022-03-23 14:53:22,446 INFO o.a.j.t.JMeterThread: Thread finished: Users 1-57
2022-03-23 14:53:22,448 INFO o.a.j.t.JMeterThread: Thread finished: Users 1-13
2022-03-23 14:53:22,448 INFO o.a.j.t.JMeterThread: Stopping: Users 1-64
2022-03-23 14:53:22,457 WARN o.a.j.t.JMeterThread: Interrupting: Users 1-64 sampler: HTTP Request
2022-03-23 14:53:22,459 INFO o.a.j.t.JMeterThread: Stopping: Users 1-83
2022-03-23 14:53:22,460 WARN o.a.j.t.JMeterThread: Interrupting: Users 1-83 sampler: HTTP Request
2022-03-23 14:53:22,465 INFO o.a.j.t.JMeterThread: Stopping: Users 1-58
2022-03-23 14:53:22,466 INFO o.a.j.t.JMeterThread: Stopping: Users 1-9
2022-03-23 14:53:22,466 WARN o.a.j.t.JMeterThread: Interrupting: Users 1-9 sampler: HTTP Request
2022-03-23 14:53:22,472 INFO o.a.j.t.JMeterThread: Stopping: Users 1-40
2022-03-23 14:53:22,472 WARN o.a.j.t.JMeterThread: Interrupting: Users 1-40 sampler: HTTP Request
2022-03-23 14:53:22,473 INFO o.a.j.t.JMeterThread: Stopping: Users 1-94
2022-03-23 14:53:22,473 INFO o.a.j.t.JMeterThread: Stopping: Users 1-77
2022-03-23 14:53:22,473 WARN o.a.j.t.JMeterThread: Interrupting: Users 1-77 sampler: HTTP Request
2022-03-23 14:53:22,473 INFO o.a.j.t.JMeterThread: Stopping: Users 1-22
2022-03-23 14:53:22,474 INFO o.a.j.t.JMeterThread: Stopping: Users 1-71
2022-03-23 14:53:22,474 INFO o.a.j.t.JMeterThread: Stopping: Users 1-19
2022-03-23 14:53:22,474 WARN o.a.j.t.JMeterThread: Interrupting: Users 1-19 sampler: HTTP Request
2022-03-23 14:53:22,474 INFO o.a.j.t.JMeterThread: Stopping: Users 1-92
2022-03-23 14:53:22,475 WARN o.a.j.t.JMeterThread: Interrupting: Users 1-92 sampler: HTTP Request
2022-03-23 14:53:22,475 INFO o.a.j.t.JMeterThread: Stopping: Users 1-49
2022-03-23 14:53:22,476 WARN o.a.j.t.JMeterThread: Interrupting: Users 1-49 sampler: HTTP Request
2022-03-23 14:53:22,477 INFO o.a.j.t.JMeterThread: Stopping: Users 1-44
2022-03-23 14:53:22,477 INFO o.a.j.t.JMeterThread: Stopping: Users 1-70
2022-03-23 14:53:22,477 WARN o.a.j.t.JMeterThread: Interrupting: Users 1-70 sampler: HTTP Request
2022-03-23 14:53:22,478 INFO o.a.j.t.JMeterThread: Stopping: Users 1-91
2022-03-23 14:53:22,478 INFO o.a.j.t.JMeterThread: Stopping: Users 1-50
2022-03-23 14:53:22,478 INFO o.a.j.t.JMeterThread: Stopping: Users 1-12
2022-03-23 14:53:22,478 WARN o.a.j.t.JMeterThread: Interrupting: Users 1-12 sampler: HTTP Request
2022-03-23 14:53:22,479 INFO o.a.j.t.JMeterThread: Stopping: Users 1-88
2022-03-23 14:53:22,479 WARN o.a.j.t.JMeterThread: Interrupting: Users 1-88 sampler: HTTP Request
2022-03-23 14:53:22,486 INFO o.a.j.t.JMeterThread: Thread finished: Users 1-70
2022-03-23 14:53:22,486 INFO o.a.j.t.JMeterThread: Thread finished: Users 1-49
2022-03-23 14:53:22,486 INFO o.a.j.t.JMeterThread: Thread finished: Users 1-88
2022-03-23 14:53:22,486 INFO o.a.j.t.JMeterThread: Thread finished: Users 1-44
2022-03-23 14:53:22,486 INFO o.a.j.t.JMeterThread: Thread finished: Users 1-12
2022-03-23 14:53:22,486 INFO o.a.j.t.JMeterThread: Thread finished: Users 1-19
2022-03-23 14:53:22,486 INFO o.a.j.t.JMeterThread: Thread finished: Users 1-92
2022-03-23 14:53:22,487 INFO o.a.j.t.JMeterThread: Thread finished: Users 1-77
2022-03-23 14:53:22,487 INFO o.a.j.t.JMeterThread: Thread finished: Users 1-71
2022-03-23 14:53:22,487 INFO o.a.j.t.JMeterThread: Thread finished: Users 1-40
2022-03-23 14:53:22,487 INFO o.a.j.t.JMeterThread: Thread finished: Users 1-22
2022-03-23 14:53:22,488 INFO o.a.j.t.JMeterThread: Thread finished: Users 1-91
2022-03-23 14:53:22,487 INFO o.a.j.t.JMeterThread: Thread finished: Users 1-9
2022-03-23 14:53:22,488 INFO o.a.j.t.JMeterThread: Thread finished: Users 1-83
2022-03-23 14:53:22,488 INFO o.a.j.t.JMeterThread: Thread finished: Users 1-50
2022-03-23 14:53:22,488 INFO o.a.j.t.JMeterThread: Thread finished: Users 1-58
2022-03-23 14:53:22,488 INFO o.a.j.t.JMeterThread: Thread finished: Users 1-94
2022-03-23 14:53:22,489 INFO o.a.j.t.JMeterThread: Thread finished: Users 1-64
2022-03-23 14:53:22,489 INFO o.a.j.e.StandardJMeterEngine: Notifying test listeners of end of test
2022-03-23 14:53:22,491 INFO o.a.j.g.u.JMeterMenuBar: setRunning(false, *local*)
