2022-03-22 18:49:03,341 INFO o.a.j.u.JMeterUtils: Setting Locale to en_EN
2022-03-22 18:49:03,398 INFO o.a.j.JMeter: Loading user properties from: /Users/alihanni/Documents/apache-jmeter-5.4.3/bin/user.properties
2022-03-22 18:49:03,399 INFO o.a.j.JMeter: Loading system properties from: /Users/alihanni/Documents/apache-jmeter-5.4.3/bin/system.properties
2022-03-22 18:49:03,410 INFO o.a.j.JMeter: Copyright (c) 1998-2021 The Apache Software Foundation
2022-03-22 18:49:03,410 INFO o.a.j.JMeter: Version 5.4.3
2022-03-22 18:49:03,410 INFO o.a.j.JMeter: java.version=15.0.2
2022-03-22 18:49:03,410 INFO o.a.j.JMeter: java.vm.name=OpenJDK 64-Bit Server VM
2022-03-22 18:49:03,410 INFO o.a.j.JMeter: os.name=Mac OS X
2022-03-22 18:49:03,410 INFO o.a.j.JMeter: os.arch=x86_64
2022-03-22 18:49:03,410 INFO o.a.j.JMeter: os.version=12.2.1
2022-03-22 18:49:03,411 INFO o.a.j.JMeter: file.encoding=UTF-8
2022-03-22 18:49:03,411 INFO o.a.j.JMeter: java.awt.headless=null
2022-03-22 18:49:03,411 INFO o.a.j.JMeter: Max memory     =1073741824
2022-03-22 18:49:03,411 INFO o.a.j.JMeter: Available Processors =4
2022-03-22 18:49:03,431 INFO o.a.j.JMeter: Default Locale=English (EN)
2022-03-22 18:49:03,431 INFO o.a.j.JMeter: JMeter  Locale=English (EN)
2022-03-22 18:49:03,432 INFO o.a.j.JMeter: JMeterHome=/Users/alihanni/Documents/apache-jmeter-5.4.3
2022-03-22 18:49:03,432 INFO o.a.j.JMeter: user.dir  =/Users/alihanni/GitHub/SOEN/SOEN345/A5
2022-03-22 18:49:03,432 INFO o.a.j.JMeter: PWD       =/Users/alihanni/GitHub/SOEN/SOEN345/A5
2022-03-22 18:49:03,459 INFO o.a.j.JMeter: IP: 10.0.0.103 Name: Ali FullName: 10.0.0.103
2022-03-22 18:49:04,263 INFO o.a.j.JMeter: Setting LAF to: com.github.weisj.darklaf.DarkLaf:com.github.weisj.darklaf.theme.DarculaTheme
2022-03-22 18:49:06,062 INFO o.a.j.JMeter: Loaded icon properties from org/apache/jmeter/images/icon.properties
